<?xml version="1.0" encoding="UTF-8"?>
<!-- Generated by org.testng.reporters.JUnitXMLReporter -->
<testsuite ignored="0" hostname="DESKTOP-H04GFR6" failures="0" tests="10" name="Default test" time="10.515" errors="0" timestamp="2023-10-04T17:56:40 IST">
  <testcase classname="apiTesting.ApiTestWithMultipleDataSet" name="Test1" time="2.868"/>
  <testcase classname="apiTesting.ApiTestWithMultipleDataSet" name="Test1" time="0.629"/>
  <testcase classname="apiTesting.ApiTestWithMultipleDataSet" name="Test1" time="0.658"/>
  <testcase classname="apiTesting.ApiTestWithMultipleDataSet" name="Test1" time="0.599"/>
  <testcase classname="apiTesting.ApiTestWithMultipleDataSet" name="Test1" time="0.721"/>
  <testcase classname="apiTesting.ApiTestWithMultipleDataSet" name="Test1" time="0.665"/>
  <testcase classname="apiTesting.ApiTestWithMultipleDataSet" name="Test1" time="0.572"/>
  <testcase classname="apiTesting.ApiTestWithMultipleDataSet" name="Test1" time="0.618"/>
  <testcase classname="apiTesting.ApiTestWithMultipleDataSet" name="Test1" time="0.605"/>
  <testcase classname="apiTesting.ApiTestWithMultipleDataSet" name="Test1" time="0.65"/>
</testsuite> <!-- Default test -->
