<?xml version="1.0" encoding="UTF-8"?>
<testng-results ignored="0" total="10" passed="10" failed="0" skipped="0">
  <reporter-output>
  </reporter-output>
  <suite started-at="2023-10-04T17:56:30 IST" name="Default suite" finished-at="2023-10-04T17:56:40 IST" duration-ms="10515">
    <groups>
    </groups>
    <test started-at="2023-10-04T17:56:30 IST" name="Default test" finished-at="2023-10-04T17:56:40 IST" duration-ms="10515">
      <class name="apiTesting.ApiTestWithMultipleDataSet">
        <test-method signature="Test1(java.lang.String,java.lang.String,java.lang.String,java.lang.String,java.lang.String,java.lang.String,java.lang.String,java.lang.String)[pri:0, instance:apiTesting.ApiTestWithMultipleDataSet@3ee37e5a]" started-at="2023-10-04T17:56:31 IST" name="Test1" data-provider="getTestDataProvider" finished-at="2023-10-04T17:56:34 IST" duration-ms="2868" status="PASS">
          <params>
            <param index="0">
              <value>
                <![CDATA[-38.383494]]>
              </value>
            </param>
            <param index="1">
              <value>
                <![CDATA[33.2567]]>
              </value>
            </param>
            <param index="2">
              <value>
                <![CDATA[45.0]]>
              </value>
            </param>
            <param index="3">
              <value>
                <![CDATA[Siva S]]>
              </value>
            </param>
            <param index="4">
              <value>
                <![CDATA[9.19865326547E11]]>
              </value>
            </param>
            <param index="5">
              <value>
                <![CDATA[USA]]>
              </value>
            </param>
            <param index="6">
              <value>
                <![CDATA[www.siva.com]]>
              </value>
            </param>
            <param index="7">
              <value>
                <![CDATA[English]]>
              </value>
            </param>
          </params>
          <reporter-output>
          </reporter-output>
        </test-method> <!-- Test1 -->
        <test-method signature="Test1(java.lang.String,java.lang.String,java.lang.String,java.lang.String,java.lang.String,java.lang.String,java.lang.String,java.lang.String)[pri:0, instance:apiTesting.ApiTestWithMultipleDataSet@3ee37e5a]" started-at="2023-10-04T17:56:34 IST" name="Test1" data-provider="getTestDataProvider" finished-at="2023-10-04T17:56:35 IST" duration-ms="629" status="PASS">
          <params>
            <param index="0">
              <value>
                <![CDATA[-3.383494]]>
              </value>
            </param>
            <param index="1">
              <value>
                <![CDATA[28.1234]]>
              </value>
            </param>
            <param index="2">
              <value>
                <![CDATA[50.0]]>
              </value>
            </param>
            <param index="3">
              <value>
                <![CDATA[Siva SS1]]>
              </value>
            </param>
            <param index="4">
              <value>
                <![CDATA[9.19865326544E11]]>
              </value>
            </param>
            <param index="5">
              <value>
                <![CDATA[INDIA]]>
              </value>
            </param>
            <param index="6">
              <value>
                <![CDATA[www.google.com]]>
              </value>
            </param>
            <param index="7">
              <value>
                <![CDATA[Hindi]]>
              </value>
            </param>
          </params>
          <reporter-output>
          </reporter-output>
        </test-method> <!-- Test1 -->
        <test-method signature="Test1(java.lang.String,java.lang.String,java.lang.String,java.lang.String,java.lang.String,java.lang.String,java.lang.String,java.lang.String)[pri:0, instance:apiTesting.ApiTestWithMultipleDataSet@3ee37e5a]" started-at="2023-10-04T17:56:35 IST" name="Test1" data-provider="getTestDataProvider" finished-at="2023-10-04T17:56:36 IST" duration-ms="658" status="PASS">
          <params>
            <param index="0">
              <value>
                <![CDATA[31.616506]]>
              </value>
            </param>
            <param index="1">
              <value>
                <![CDATA[22.9901]]>
              </value>
            </param>
            <param index="2">
              <value>
                <![CDATA[55.0]]>
              </value>
            </param>
            <param index="3">
              <value>
                <![CDATA[Siva SS2]]>
              </value>
            </param>
            <param index="4">
              <value>
                <![CDATA[9.19865326541E11]]>
              </value>
            </param>
            <param index="5">
              <value>
                <![CDATA[CANADA]]>
              </value>
            </param>
            <param index="6">
              <value>
                <![CDATA[www.siva.com]]>
              </value>
            </param>
            <param index="7">
              <value>
                <![CDATA[English]]>
              </value>
            </param>
          </params>
          <reporter-output>
          </reporter-output>
        </test-method> <!-- Test1 -->
        <test-method signature="Test1(java.lang.String,java.lang.String,java.lang.String,java.lang.String,java.lang.String,java.lang.String,java.lang.String,java.lang.String)[pri:0, instance:apiTesting.ApiTestWithMultipleDataSet@3ee37e5a]" started-at="2023-10-04T17:56:36 IST" name="Test1" data-provider="getTestDataProvider" finished-at="2023-10-04T17:56:36 IST" duration-ms="599" status="PASS">
          <params>
            <param index="0">
              <value>
                <![CDATA[66.616506]]>
              </value>
            </param>
            <param index="1">
              <value>
                <![CDATA[17.8568]]>
              </value>
            </param>
            <param index="2">
              <value>
                <![CDATA[60.0]]>
              </value>
            </param>
            <param index="3">
              <value>
                <![CDATA[Siva SS3]]>
              </value>
            </param>
            <param index="4">
              <value>
                <![CDATA[9.19865326538E11]]>
              </value>
            </param>
            <param index="5">
              <value>
                <![CDATA[SA]]>
              </value>
            </param>
            <param index="6">
              <value>
                <![CDATA[www.google.com]]>
              </value>
            </param>
            <param index="7">
              <value>
                <![CDATA[Tamil]]>
              </value>
            </param>
          </params>
          <reporter-output>
          </reporter-output>
        </test-method> <!-- Test1 -->
        <test-method signature="Test1(java.lang.String,java.lang.String,java.lang.String,java.lang.String,java.lang.String,java.lang.String,java.lang.String,java.lang.String)[pri:0, instance:apiTesting.ApiTestWithMultipleDataSet@3ee37e5a]" started-at="2023-10-04T17:56:36 IST" name="Test1" data-provider="getTestDataProvider" finished-at="2023-10-04T17:56:37 IST" duration-ms="721" status="PASS">
          <params>
            <param index="0">
              <value>
                <![CDATA[101.616506]]>
              </value>
            </param>
            <param index="1">
              <value>
                <![CDATA[12.7235]]>
              </value>
            </param>
            <param index="2">
              <value>
                <![CDATA[65.0]]>
              </value>
            </param>
            <param index="3">
              <value>
                <![CDATA[Siva SS4]]>
              </value>
            </param>
            <param index="4">
              <value>
                <![CDATA[9.19865326535E11]]>
              </value>
            </param>
            <param index="5">
              <value>
                <![CDATA[Aus]]>
              </value>
            </param>
            <param index="6">
              <value>
                <![CDATA[www.siva.com]]>
              </value>
            </param>
            <param index="7">
              <value>
                <![CDATA[English]]>
              </value>
            </param>
          </params>
          <reporter-output>
          </reporter-output>
        </test-method> <!-- Test1 -->
        <test-method signature="Test1(java.lang.String,java.lang.String,java.lang.String,java.lang.String,java.lang.String,java.lang.String,java.lang.String,java.lang.String)[pri:0, instance:apiTesting.ApiTestWithMultipleDataSet@3ee37e5a]" started-at="2023-10-04T17:56:37 IST" name="Test1" data-provider="getTestDataProvider" finished-at="2023-10-04T17:56:38 IST" duration-ms="665" status="PASS">
          <params>
            <param index="0">
              <value>
                <![CDATA[136.616506]]>
              </value>
            </param>
            <param index="1">
              <value>
                <![CDATA[7.5902]]>
              </value>
            </param>
            <param index="2">
              <value>
                <![CDATA[70.0]]>
              </value>
            </param>
            <param index="3">
              <value>
                <![CDATA[Siva SS5]]>
              </value>
            </param>
            <param index="4">
              <value>
                <![CDATA[9.19865326532E11]]>
              </value>
            </param>
            <param index="5">
              <value>
                <![CDATA[Bangaladesh]]>
              </value>
            </param>
            <param index="6">
              <value>
                <![CDATA[www.google.com]]>
              </value>
            </param>
            <param index="7">
              <value>
                <![CDATA[Hindi]]>
              </value>
            </param>
          </params>
          <reporter-output>
          </reporter-output>
        </test-method> <!-- Test1 -->
        <test-method signature="Test1(java.lang.String,java.lang.String,java.lang.String,java.lang.String,java.lang.String,java.lang.String,java.lang.String,java.lang.String)[pri:0, instance:apiTesting.ApiTestWithMultipleDataSet@3ee37e5a]" started-at="2023-10-04T17:56:38 IST" name="Test1" data-provider="getTestDataProvider" finished-at="2023-10-04T17:56:38 IST" duration-ms="572" status="PASS">
          <params>
            <param index="0">
              <value>
                <![CDATA[171.616506]]>
              </value>
            </param>
            <param index="1">
              <value>
                <![CDATA[2.4569]]>
              </value>
            </param>
            <param index="2">
              <value>
                <![CDATA[75.0]]>
              </value>
            </param>
            <param index="3">
              <value>
                <![CDATA[Siva SS6]]>
              </value>
            </param>
            <param index="4">
              <value>
                <![CDATA[9.19865326529E11]]>
              </value>
            </param>
            <param index="5">
              <value>
                <![CDATA[SriLanka]]>
              </value>
            </param>
            <param index="6">
              <value>
                <![CDATA[www.siva.com]]>
              </value>
            </param>
            <param index="7">
              <value>
                <![CDATA[Telugu]]>
              </value>
            </param>
          </params>
          <reporter-output>
          </reporter-output>
        </test-method> <!-- Test1 -->
        <test-method signature="Test1(java.lang.String,java.lang.String,java.lang.String,java.lang.String,java.lang.String,java.lang.String,java.lang.String,java.lang.String)[pri:0, instance:apiTesting.ApiTestWithMultipleDataSet@3ee37e5a]" started-at="2023-10-04T17:56:38 IST" name="Test1" data-provider="getTestDataProvider" finished-at="2023-10-04T17:56:39 IST" duration-ms="618" status="PASS">
          <params>
            <param index="0">
              <value>
                <![CDATA[206.616506]]>
              </value>
            </param>
            <param index="1">
              <value>
                <![CDATA[-2.6764]]>
              </value>
            </param>
            <param index="2">
              <value>
                <![CDATA[80.0]]>
              </value>
            </param>
            <param index="3">
              <value>
                <![CDATA[Siva SS7]]>
              </value>
            </param>
            <param index="4">
              <value>
                <![CDATA[9.19865326526E11]]>
              </value>
            </param>
            <param index="5">
              <value>
                <![CDATA[NewZeland]]>
              </value>
            </param>
            <param index="6">
              <value>
                <![CDATA[www.google.com]]>
              </value>
            </param>
            <param index="7">
              <value>
                <![CDATA[NA]]>
              </value>
            </param>
          </params>
          <reporter-output>
          </reporter-output>
        </test-method> <!-- Test1 -->
        <test-method signature="Test1(java.lang.String,java.lang.String,java.lang.String,java.lang.String,java.lang.String,java.lang.String,java.lang.String,java.lang.String)[pri:0, instance:apiTesting.ApiTestWithMultipleDataSet@3ee37e5a]" started-at="2023-10-04T17:56:39 IST" name="Test1" data-provider="getTestDataProvider" finished-at="2023-10-04T17:56:39 IST" duration-ms="605" status="PASS">
          <params>
            <param index="0">
              <value>
                <![CDATA[241.616506]]>
              </value>
            </param>
            <param index="1">
              <value>
                <![CDATA[-7.8097]]>
              </value>
            </param>
            <param index="2">
              <value>
                <![CDATA[85.0]]>
              </value>
            </param>
            <param index="3">
              <value>
                <![CDATA[Siva SS8]]>
              </value>
            </param>
            <param index="4">
              <value>
                <![CDATA[9.19865326523E11]]>
              </value>
            </param>
            <param index="5">
              <value>
                <![CDATA[WestIndies]]>
              </value>
            </param>
            <param index="6">
              <value>
                <![CDATA[www.siva.com]]>
              </value>
            </param>
            <param index="7">
              <value>
                <![CDATA[HAHA]]>
              </value>
            </param>
          </params>
          <reporter-output>
          </reporter-output>
        </test-method> <!-- Test1 -->
        <test-method signature="Test1(java.lang.String,java.lang.String,java.lang.String,java.lang.String,java.lang.String,java.lang.String,java.lang.String,java.lang.String)[pri:0, instance:apiTesting.ApiTestWithMultipleDataSet@3ee37e5a]" started-at="2023-10-04T17:56:39 IST" name="Test1" data-provider="getTestDataProvider" finished-at="2023-10-04T17:56:40 IST" duration-ms="650" status="PASS">
          <params>
            <param index="0">
              <value>
                <![CDATA[276.616506]]>
              </value>
            </param>
            <param index="1">
              <value>
                <![CDATA[-12.943]]>
              </value>
            </param>
            <param index="2">
              <value>
                <![CDATA[90.0]]>
              </value>
            </param>
            <param index="3">
              <value>
                <![CDATA[Siva SS9]]>
              </value>
            </param>
            <param index="4">
              <value>
                <![CDATA[9.1986532652E11]]>
              </value>
            </param>
            <param index="5">
              <value>
                <![CDATA[England]]>
              </value>
            </param>
            <param index="6">
              <value>
                <![CDATA[www.google.com]]>
              </value>
            </param>
            <param index="7">
              <value>
                <![CDATA[English]]>
              </value>
            </param>
          </params>
          <reporter-output>
          </reporter-output>
        </test-method> <!-- Test1 -->
      </class> <!-- apiTesting.ApiTestWithMultipleDataSet -->
    </test> <!-- Default test -->
  </suite> <!-- Default suite -->
</testng-results>
